2016-02-14 23:13:46,194 [Worker-14] INFO  o.e.m.c.i.l.LifecycleMappingFactory - Using org.maven.ide.eclipse.wtp.WarLifecycleMapping lifecycle mapping for MavenProject: com.okdevtv:spring:1.0.0-BUILD-SNAPSHOT @ C:\dev 개발\spring-workspace\spring\pom.xml.
2016-02-14 23:13:56,812 [Worker-14] WARN  o.e.m.c.i.embedder.EclipseLogger - Using platform encoding (utf-8 actually) to copy filtered resources, i.e. build is platform dependent!
2016-02-14 23:13:56,874 [Worker-14] INFO  o.e.m.c.i.embedder.EclipseLogger - Copying 1 resource
2016-02-14 23:13:56,895 [Worker-14] WARN  o.e.m.c.i.embedder.EclipseLogger - Using platform encoding (utf-8 actually) to copy filtered resources, i.e. build is platform dependent!
2016-02-14 23:13:56,898 [Worker-14] INFO  o.e.m.c.i.embedder.EclipseLogger - Copying 1 resource
2016-02-14 23:14:44,532 [Worker-14] WARN  o.e.m.c.i.embedder.EclipseLogger - Using platform encoding (utf-8 actually) to copy filtered resources, i.e. build is platform dependent!
2016-02-14 23:14:44,542 [Worker-14] INFO  o.e.m.c.i.embedder.EclipseLogger - Copying 1 resource
2016-02-14 23:14:44,569 [Worker-14] WARN  o.e.m.c.i.embedder.EclipseLogger - Using platform encoding (utf-8 actually) to copy filtered resources, i.e. build is platform dependent!
2016-02-14 23:14:44,571 [Worker-14] INFO  o.e.m.c.i.embedder.EclipseLogger - Copying 1 resource
2016-02-14 23:19:01,419 [Worker-17] WARN  o.e.m.c.i.embedder.EclipseLogger - Using platform encoding (utf-8 actually) to copy filtered resources, i.e. build is platform dependent!
2016-02-14 23:19:01,421 [Worker-17] INFO  o.e.m.c.i.embedder.EclipseLogger - Copying 0 resource
2016-02-14 23:19:01,422 [Worker-17] WARN  o.e.m.c.i.embedder.EclipseLogger - Using platform encoding (utf-8 actually) to copy filtered resources, i.e. build is platform dependent!
2016-02-14 23:19:01,423 [Worker-17] INFO  o.e.m.c.i.embedder.EclipseLogger - Copying 0 resource
2016-02-14 23:19:12,952 [Worker-15] WARN  o.e.m.c.i.embedder.EclipseLogger - Using platform encoding (utf-8 actually) to copy filtered resources, i.e. build is platform dependent!
2016-02-14 23:19:12,953 [Worker-15] INFO  o.e.m.c.i.embedder.EclipseLogger - Copying 0 resource
2016-02-14 23:19:12,954 [Worker-15] WARN  o.e.m.c.i.embedder.EclipseLogger - Using platform encoding (utf-8 actually) to copy filtered resources, i.e. build is platform dependent!
2016-02-14 23:19:12,955 [Worker-15] INFO  o.e.m.c.i.embedder.EclipseLogger - Copying 0 resource
2016-02-14 23:21:27,652 [Worker-14] WARN  o.e.m.c.i.embedder.EclipseLogger - Using platform encoding (utf-8 actually) to copy filtered resources, i.e. build is platform dependent!
2016-02-14 23:21:27,663 [Worker-14] INFO  o.e.m.c.i.embedder.EclipseLogger - Copying 1 resource
2016-02-14 23:21:27,696 [Worker-14] WARN  o.e.m.c.i.embedder.EclipseLogger - Using platform encoding (utf-8 actually) to copy filtered resources, i.e. build is platform dependent!
2016-02-14 23:21:27,698 [Worker-14] INFO  o.e.m.c.i.embedder.EclipseLogger - Copying 1 resource
2016-02-14 23:21:34,201 [Worker-19] WARN  o.e.m.c.i.embedder.EclipseLogger - Using platform encoding (utf-8 actually) to copy filtered resources, i.e. build is platform dependent!
2016-02-14 23:21:34,204 [Worker-19] INFO  o.e.m.c.i.embedder.EclipseLogger - Copying 0 resource
2016-02-14 23:21:34,206 [Worker-19] WARN  o.e.m.c.i.embedder.EclipseLogger - Using platform encoding (utf-8 actually) to copy filtered resources, i.e. build is platform dependent!
2016-02-14 23:21:34,207 [Worker-19] INFO  o.e.m.c.i.embedder.EclipseLogger - Copying 0 resource
2016-02-14 23:23:25,760 [Worker-19] WARN  o.e.m.c.i.embedder.EclipseLogger - Using platform encoding (utf-8 actually) to copy filtered resources, i.e. build is platform dependent!
2016-02-14 23:23:25,762 [Worker-19] INFO  o.e.m.c.i.embedder.EclipseLogger - Copying 1 resource
2016-02-14 23:23:25,766 [Worker-19] WARN  o.e.m.c.i.embedder.EclipseLogger - Using platform encoding (utf-8 actually) to copy filtered resources, i.e. build is platform dependent!
2016-02-14 23:23:25,770 [Worker-19] INFO  o.e.m.c.i.embedder.EclipseLogger - Copying 1 resource
2016-02-15 09:41:55,455 [Worker-0] WARN  o.e.m.c.i.embedder.EclipseLogger - Using platform encoding (utf-8 actually) to copy filtered resources, i.e. build is platform dependent!
2016-02-15 09:41:55,514 [Worker-0] INFO  o.e.m.c.i.embedder.EclipseLogger - Copying 1 resource
2016-02-15 09:41:55,519 [Worker-0] WARN  o.e.m.c.i.embedder.EclipseLogger - Using platform encoding (utf-8 actually) to copy filtered resources, i.e. build is platform dependent!
2016-02-15 09:41:55,520 [Worker-0] INFO  o.e.m.c.i.embedder.EclipseLogger - Copying 1 resource
2016-02-15 11:26:54,003 [Worker-3] WARN  o.e.m.c.i.embedder.EclipseLogger - Using platform encoding (utf-8 actually) to copy filtered resources, i.e. build is platform dependent!
2016-02-15 11:26:54,013 [Worker-3] INFO  o.e.m.c.i.embedder.EclipseLogger - Copying 1 resource
2016-02-15 11:26:54,017 [Worker-3] WARN  o.e.m.c.i.embedder.EclipseLogger - Using platform encoding (utf-8 actually) to copy filtered resources, i.e. build is platform dependent!
2016-02-15 11:26:54,018 [Worker-3] INFO  o.e.m.c.i.embedder.EclipseLogger - Copying 1 resource
2016-02-16 13:34:26,984 [Worker-10] WARN  o.e.m.c.i.embedder.EclipseLogger - Using platform encoding (utf-8 actually) to copy filtered resources, i.e. build is platform dependent!
2016-02-16 13:34:27,019 [Worker-10] INFO  o.e.m.c.i.embedder.EclipseLogger - Copying 1 resource
2016-02-16 13:34:27,023 [Worker-10] WARN  o.e.m.c.i.embedder.EclipseLogger - Using platform encoding (utf-8 actually) to copy filtered resources, i.e. build is platform dependent!
2016-02-16 13:34:27,039 [Worker-10] INFO  o.e.m.c.i.embedder.EclipseLogger - Copying 1 resource
2016-02-16 13:42:08,139 [main] INFO  o.e.m2e.actions.ExecutePomAction - Creating new launch configuration
2016-02-16 13:42:32,668 [Worker-11] INFO  o.e.m.i.launch.MavenLaunchDelegate - C:\dev 개발\spring-workspace\spring
2016-02-16 13:42:32,668 [Worker-11] INFO  o.e.m.i.launch.MavenLaunchDelegate -  mvn  -B package
2016-02-18 14:40:33,241 [Worker-13] WARN  o.e.m.c.i.embedder.EclipseLogger - Using platform encoding (utf-8 actually) to copy filtered resources, i.e. build is platform dependent!
2016-02-18 14:40:33,276 [Worker-13] INFO  o.e.m.c.i.embedder.EclipseLogger - Copying 1 resource
2016-02-18 14:40:33,280 [Worker-13] WARN  o.e.m.c.i.embedder.EclipseLogger - Using platform encoding (utf-8 actually) to copy filtered resources, i.e. build is platform dependent!
2016-02-18 14:40:33,281 [Worker-13] INFO  o.e.m.c.i.embedder.EclipseLogger - Copying 1 resource
2016-02-18 14:41:31,325 [Worker-9] WARN  o.e.m.c.i.embedder.EclipseLogger - Using platform encoding (utf-8 actually) to copy filtered resources, i.e. build is platform dependent!
2016-02-18 14:41:31,334 [Worker-9] INFO  o.e.m.c.i.embedder.EclipseLogger - Copying 1 resource
2016-02-18 14:41:31,336 [Worker-9] WARN  o.e.m.c.i.embedder.EclipseLogger - Using platform encoding (utf-8 actually) to copy filtered resources, i.e. build is platform dependent!
2016-02-18 14:41:31,338 [Worker-9] INFO  o.e.m.c.i.embedder.EclipseLogger - Copying 0 resource
2016-02-18 14:42:00,548 [Worker-0] WARN  o.e.m.c.i.embedder.EclipseLogger - Using platform encoding (utf-8 actually) to copy filtered resources, i.e. build is platform dependent!
2016-02-18 14:42:00,552 [Worker-0] INFO  o.e.m.c.i.embedder.EclipseLogger - Copying 1 resource
2016-02-18 14:42:00,553 [Worker-0] WARN  o.e.m.c.i.embedder.EclipseLogger - Using platform encoding (utf-8 actually) to copy filtered resources, i.e. build is platform dependent!
2016-02-18 14:42:00,554 [Worker-0] INFO  o.e.m.c.i.embedder.EclipseLogger - Copying 0 resource
2016-02-18 14:43:18,254 [Worker-12] WARN  o.e.m.c.i.embedder.EclipseLogger - Using platform encoding (utf-8 actually) to copy filtered resources, i.e. build is platform dependent!
2016-02-18 14:43:18,255 [Worker-12] INFO  o.e.m.c.i.embedder.EclipseLogger - Copying 0 resource
2016-02-18 14:43:18,256 [Worker-12] WARN  o.e.m.c.i.embedder.EclipseLogger - Using platform encoding (utf-8 actually) to copy filtered resources, i.e. build is platform dependent!
2016-02-18 14:43:18,257 [Worker-12] INFO  o.e.m.c.i.embedder.EclipseLogger - Copying 0 resource
2016-02-18 15:11:46,372 [Worker-18] WARN  o.e.m.c.i.embedder.EclipseLogger - Using platform encoding (utf-8 actually) to copy filtered resources, i.e. build is platform dependent!
2016-02-18 15:11:46,374 [Worker-18] INFO  o.e.m.c.i.embedder.EclipseLogger - Copying 0 resource
2016-02-18 15:11:46,375 [Worker-18] WARN  o.e.m.c.i.embedder.EclipseLogger - Using platform encoding (utf-8 actually) to copy filtered resources, i.e. build is platform dependent!
2016-02-18 15:11:46,376 [Worker-18] INFO  o.e.m.c.i.embedder.EclipseLogger - Copying 0 resource
2016-02-18 15:12:18,702 [Worker-18] WARN  o.e.m.c.i.embedder.EclipseLogger - Using platform encoding (utf-8 actually) to copy filtered resources, i.e. build is platform dependent!
2016-02-18 15:12:18,704 [Worker-18] INFO  o.e.m.c.i.embedder.EclipseLogger - Copying 0 resource
2016-02-18 15:12:18,705 [Worker-18] WARN  o.e.m.c.i.embedder.EclipseLogger - Using platform encoding (utf-8 actually) to copy filtered resources, i.e. build is platform dependent!
2016-02-18 15:12:18,706 [Worker-18] INFO  o.e.m.c.i.embedder.EclipseLogger - Copying 0 resource
2016-02-18 15:12:30,043 [Worker-16] WARN  o.e.m.c.i.embedder.EclipseLogger - Using platform encoding (utf-8 actually) to copy filtered resources, i.e. build is platform dependent!
2016-02-18 15:12:30,046 [Worker-16] INFO  o.e.m.c.i.embedder.EclipseLogger - Copying 0 resource
2016-02-18 15:12:30,048 [Worker-16] WARN  o.e.m.c.i.embedder.EclipseLogger - Using platform encoding (utf-8 actually) to copy filtered resources, i.e. build is platform dependent!
2016-02-18 15:12:30,049 [Worker-16] INFO  o.e.m.c.i.embedder.EclipseLogger - Copying 0 resource
2016-02-18 15:12:56,492 [Worker-16] WARN  o.e.m.c.i.embedder.EclipseLogger - Using platform encoding (utf-8 actually) to copy filtered resources, i.e. build is platform dependent!
2016-02-18 15:12:56,494 [Worker-16] INFO  o.e.m.c.i.embedder.EclipseLogger - Copying 1 resource
2016-02-18 15:12:56,496 [Worker-16] WARN  o.e.m.c.i.embedder.EclipseLogger - Using platform encoding (utf-8 actually) to copy filtered resources, i.e. build is platform dependent!
2016-02-18 15:12:56,497 [Worker-16] INFO  o.e.m.c.i.embedder.EclipseLogger - Copying 0 resource
2016-02-18 15:13:15,310 [Worker-21] WARN  o.e.m.c.i.embedder.EclipseLogger - Using platform encoding (utf-8 actually) to copy filtered resources, i.e. build is platform dependent!
2016-02-18 15:13:15,312 [Worker-21] INFO  o.e.m.c.i.embedder.EclipseLogger - Copying 0 resource
2016-02-18 15:13:15,314 [Worker-21] WARN  o.e.m.c.i.embedder.EclipseLogger - Using platform encoding (utf-8 actually) to copy filtered resources, i.e. build is platform dependent!
2016-02-18 15:13:15,316 [Worker-21] INFO  o.e.m.c.i.embedder.EclipseLogger - Copying 0 resource
2016-02-18 15:14:53,046 [Worker-18] WARN  o.e.m.c.i.embedder.EclipseLogger - Using platform encoding (utf-8 actually) to copy filtered resources, i.e. build is platform dependent!
2016-02-18 15:14:53,048 [Worker-18] INFO  o.e.m.c.i.embedder.EclipseLogger - Copying 1 resource
2016-02-18 15:14:53,049 [Worker-18] WARN  o.e.m.c.i.embedder.EclipseLogger - Using platform encoding (utf-8 actually) to copy filtered resources, i.e. build is platform dependent!
2016-02-18 15:14:53,050 [Worker-18] INFO  o.e.m.c.i.embedder.EclipseLogger - Copying 0 resource
2016-02-18 15:15:34,647 [Worker-9] WARN  o.e.m.c.i.embedder.EclipseLogger - Using platform encoding (utf-8 actually) to copy filtered resources, i.e. build is platform dependent!
2016-02-18 15:15:34,649 [Worker-9] INFO  o.e.m.c.i.embedder.EclipseLogger - Copying 1 resource
2016-02-18 15:15:34,651 [Worker-9] WARN  o.e.m.c.i.embedder.EclipseLogger - Using platform encoding (utf-8 actually) to copy filtered resources, i.e. build is platform dependent!
2016-02-18 15:15:34,652 [Worker-9] INFO  o.e.m.c.i.embedder.EclipseLogger - Copying 0 resource
2016-02-18 15:16:27,048 [Worker-22] WARN  o.e.m.c.i.embedder.EclipseLogger - Using platform encoding (utf-8 actually) to copy filtered resources, i.e. build is platform dependent!
2016-02-18 15:16:27,050 [Worker-22] INFO  o.e.m.c.i.embedder.EclipseLogger - Copying 1 resource
2016-02-18 15:16:27,052 [Worker-22] WARN  o.e.m.c.i.embedder.EclipseLogger - Using platform encoding (utf-8 actually) to copy filtered resources, i.e. build is platform dependent!
2016-02-18 15:16:27,053 [Worker-22] INFO  o.e.m.c.i.embedder.EclipseLogger - Copying 0 resource
2016-02-18 15:16:32,731 [Worker-22] WARN  o.e.m.c.i.embedder.EclipseLogger - Using platform encoding (utf-8 actually) to copy filtered resources, i.e. build is platform dependent!
2016-02-18 15:16:32,732 [Worker-22] INFO  o.e.m.c.i.embedder.EclipseLogger - Copying 0 resource
2016-02-18 15:16:32,734 [Worker-22] WARN  o.e.m.c.i.embedder.EclipseLogger - Using platform encoding (utf-8 actually) to copy filtered resources, i.e. build is platform dependent!
2016-02-18 15:16:32,736 [Worker-22] INFO  o.e.m.c.i.embedder.EclipseLogger - Copying 0 resource
2016-02-18 15:17:07,105 [Worker-20] WARN  o.e.m.c.i.embedder.EclipseLogger - Using platform encoding (utf-8 actually) to copy filtered resources, i.e. build is platform dependent!
2016-02-18 15:17:07,106 [Worker-20] INFO  o.e.m.c.i.embedder.EclipseLogger - Copying 0 resource
2016-02-18 15:17:07,107 [Worker-20] WARN  o.e.m.c.i.embedder.EclipseLogger - Using platform encoding (utf-8 actually) to copy filtered resources, i.e. build is platform dependent!
2016-02-18 15:17:07,108 [Worker-20] INFO  o.e.m.c.i.embedder.EclipseLogger - Copying 0 resource
2016-02-18 15:17:25,054 [Worker-24] WARN  o.e.m.c.i.embedder.EclipseLogger - Using platform encoding (utf-8 actually) to copy filtered resources, i.e. build is platform dependent!
2016-02-18 15:17:25,056 [Worker-24] INFO  o.e.m.c.i.embedder.EclipseLogger - Copying 1 resource
2016-02-18 15:17:25,057 [Worker-24] WARN  o.e.m.c.i.embedder.EclipseLogger - Using platform encoding (utf-8 actually) to copy filtered resources, i.e. build is platform dependent!
2016-02-18 15:17:25,058 [Worker-24] INFO  o.e.m.c.i.embedder.EclipseLogger - Copying 0 resource
2016-02-18 15:17:50,459 [Worker-22] WARN  o.e.m.c.i.embedder.EclipseLogger - Using platform encoding (utf-8 actually) to copy filtered resources, i.e. build is platform dependent!
2016-02-18 15:17:50,462 [Worker-22] INFO  o.e.m.c.i.embedder.EclipseLogger - Copying 1 resource
2016-02-18 15:17:50,463 [Worker-22] WARN  o.e.m.c.i.embedder.EclipseLogger - Using platform encoding (utf-8 actually) to copy filtered resources, i.e. build is platform dependent!
2016-02-18 15:17:50,464 [Worker-22] INFO  o.e.m.c.i.embedder.EclipseLogger - Copying 0 resource
2016-02-18 15:19:38,427 [Worker-24] WARN  o.e.m.c.i.embedder.EclipseLogger - Using platform encoding (utf-8 actually) to copy filtered resources, i.e. build is platform dependent!
2016-02-18 15:19:38,427 [Worker-24] INFO  o.e.m.c.i.embedder.EclipseLogger - Copying 0 resource
2016-02-18 15:19:38,427 [Worker-24] WARN  o.e.m.c.i.embedder.EclipseLogger - Using platform encoding (utf-8 actually) to copy filtered resources, i.e. build is platform dependent!
2016-02-18 15:19:38,427 [Worker-24] INFO  o.e.m.c.i.embedder.EclipseLogger - Copying 0 resource
2016-02-18 15:22:02,416 [Worker-20] WARN  o.e.m.c.i.embedder.EclipseLogger - Using platform encoding (utf-8 actually) to copy filtered resources, i.e. build is platform dependent!
2016-02-18 15:22:02,418 [Worker-20] INFO  o.e.m.c.i.embedder.EclipseLogger - Copying 1 resource
2016-02-18 15:22:02,419 [Worker-20] WARN  o.e.m.c.i.embedder.EclipseLogger - Using platform encoding (utf-8 actually) to copy filtered resources, i.e. build is platform dependent!
2016-02-18 15:22:02,420 [Worker-20] INFO  o.e.m.c.i.embedder.EclipseLogger - Copying 0 resource
2016-02-18 15:22:07,614 [Worker-20] WARN  o.e.m.c.i.embedder.EclipseLogger - Using platform encoding (utf-8 actually) to copy filtered resources, i.e. build is platform dependent!
2016-02-18 15:22:07,615 [Worker-20] INFO  o.e.m.c.i.embedder.EclipseLogger - Copying 1 resource
2016-02-18 15:22:07,618 [Worker-20] WARN  o.e.m.c.i.embedder.EclipseLogger - Using platform encoding (utf-8 actually) to copy filtered resources, i.e. build is platform dependent!
2016-02-18 15:22:07,619 [Worker-20] INFO  o.e.m.c.i.embedder.EclipseLogger - Copying 0 resource
2016-02-18 15:28:32,845 [Worker-33] WARN  o.e.m.c.i.embedder.EclipseLogger - Using platform encoding (utf-8 actually) to copy filtered resources, i.e. build is platform dependent!
2016-02-18 15:28:32,852 [Worker-33] INFO  o.e.m.c.i.embedder.EclipseLogger - Copying 1 resource
2016-02-18 15:28:32,854 [Worker-33] WARN  o.e.m.c.i.embedder.EclipseLogger - Using platform encoding (utf-8 actually) to copy filtered resources, i.e. build is platform dependent!
2016-02-18 15:28:32,856 [Worker-33] INFO  o.e.m.c.i.embedder.EclipseLogger - Copying 0 resource
2016-02-18 15:28:36,062 [Worker-29] WARN  o.e.m.c.i.embedder.EclipseLogger - Using platform encoding (utf-8 actually) to copy filtered resources, i.e. build is platform dependent!
2016-02-18 15:28:36,064 [Worker-29] INFO  o.e.m.c.i.embedder.EclipseLogger - Copying 1 resource
2016-02-18 15:28:36,066 [Worker-29] WARN  o.e.m.c.i.embedder.EclipseLogger - Using platform encoding (utf-8 actually) to copy filtered resources, i.e. build is platform dependent!
2016-02-18 15:28:36,067 [Worker-29] INFO  o.e.m.c.i.embedder.EclipseLogger - Copying 0 resource
2016-02-18 15:29:14,058 [Worker-25] WARN  o.e.m.c.i.embedder.EclipseLogger - Using platform encoding (utf-8 actually) to copy filtered resources, i.e. build is platform dependent!
2016-02-18 15:29:14,060 [Worker-25] INFO  o.e.m.c.i.embedder.EclipseLogger - Copying 1 resource
2016-02-18 15:29:14,061 [Worker-25] WARN  o.e.m.c.i.embedder.EclipseLogger - Using platform encoding (utf-8 actually) to copy filtered resources, i.e. build is platform dependent!
2016-02-18 15:29:14,062 [Worker-25] INFO  o.e.m.c.i.embedder.EclipseLogger - Copying 0 resource
2016-02-18 15:29:27,996 [Worker-34] WARN  o.e.m.c.i.embedder.EclipseLogger - Using platform encoding (utf-8 actually) to copy filtered resources, i.e. build is platform dependent!
2016-02-18 15:29:27,998 [Worker-34] INFO  o.e.m.c.i.embedder.EclipseLogger - Copying 1 resource
2016-02-18 15:29:28,000 [Worker-34] WARN  o.e.m.c.i.embedder.EclipseLogger - Using platform encoding (utf-8 actually) to copy filtered resources, i.e. build is platform dependent!
2016-02-18 15:29:28,001 [Worker-34] INFO  o.e.m.c.i.embedder.EclipseLogger - Copying 0 resource
2016-02-18 15:29:35,764 [Worker-36] WARN  o.e.m.c.i.embedder.EclipseLogger - Using platform encoding (utf-8 actually) to copy filtered resources, i.e. build is platform dependent!
2016-02-18 15:29:35,766 [Worker-36] INFO  o.e.m.c.i.embedder.EclipseLogger - Copying 1 resource
2016-02-18 15:29:35,767 [Worker-36] WARN  o.e.m.c.i.embedder.EclipseLogger - Using platform encoding (utf-8 actually) to copy filtered resources, i.e. build is platform dependent!
2016-02-18 15:29:35,768 [Worker-36] INFO  o.e.m.c.i.embedder.EclipseLogger - Copying 0 resource
2016-02-18 15:29:38,252 [Worker-34] WARN  o.e.m.c.i.embedder.EclipseLogger - Using platform encoding (utf-8 actually) to copy filtered resources, i.e. build is platform dependent!
2016-02-18 15:29:38,254 [Worker-34] INFO  o.e.m.c.i.embedder.EclipseLogger - Copying 1 resource
2016-02-18 15:29:38,255 [Worker-34] WARN  o.e.m.c.i.embedder.EclipseLogger - Using platform encoding (utf-8 actually) to copy filtered resources, i.e. build is platform dependent!
2016-02-18 15:29:38,256 [Worker-34] INFO  o.e.m.c.i.embedder.EclipseLogger - Copying 0 resource
2016-02-18 15:29:55,238 [Worker-33] WARN  o.e.m.c.i.embedder.EclipseLogger - Using platform encoding (utf-8 actually) to copy filtered resources, i.e. build is platform dependent!
2016-02-18 15:29:55,240 [Worker-33] INFO  o.e.m.c.i.embedder.EclipseLogger - Copying 1 resource
2016-02-18 15:29:55,241 [Worker-33] WARN  o.e.m.c.i.embedder.EclipseLogger - Using platform encoding (utf-8 actually) to copy filtered resources, i.e. build is platform dependent!
2016-02-18 15:29:55,243 [Worker-33] INFO  o.e.m.c.i.embedder.EclipseLogger - Copying 0 resource
2016-02-18 15:30:04,904 [Worker-29] WARN  o.e.m.c.i.embedder.EclipseLogger - Using platform encoding (utf-8 actually) to copy filtered resources, i.e. build is platform dependent!
2016-02-18 15:30:04,906 [Worker-29] INFO  o.e.m.c.i.embedder.EclipseLogger - Copying 1 resource
2016-02-18 15:30:04,907 [Worker-29] WARN  o.e.m.c.i.embedder.EclipseLogger - Using platform encoding (utf-8 actually) to copy filtered resources, i.e. build is platform dependent!
2016-02-18 15:30:04,908 [Worker-29] INFO  o.e.m.c.i.embedder.EclipseLogger - Copying 0 resource
2016-02-18 15:30:42,424 [Worker-34] WARN  o.e.m.c.i.embedder.EclipseLogger - Using platform encoding (utf-8 actually) to copy filtered resources, i.e. build is platform dependent!
2016-02-18 15:30:42,425 [Worker-34] INFO  o.e.m.c.i.embedder.EclipseLogger - Copying 1 resource
2016-02-18 15:30:42,427 [Worker-34] WARN  o.e.m.c.i.embedder.EclipseLogger - Using platform encoding (utf-8 actually) to copy filtered resources, i.e. build is platform dependent!
2016-02-18 15:30:42,428 [Worker-34] INFO  o.e.m.c.i.embedder.EclipseLogger - Copying 0 resource
2016-02-18 15:30:43,727 [Worker-36] WARN  o.e.m.c.i.embedder.EclipseLogger - Using platform encoding (utf-8 actually) to copy filtered resources, i.e. build is platform dependent!
2016-02-18 15:30:43,730 [Worker-36] INFO  o.e.m.c.i.embedder.EclipseLogger - Copying 1 resource
2016-02-18 15:30:43,731 [Worker-36] WARN  o.e.m.c.i.embedder.EclipseLogger - Using platform encoding (utf-8 actually) to copy filtered resources, i.e. build is platform dependent!
2016-02-18 15:30:43,732 [Worker-36] INFO  o.e.m.c.i.embedder.EclipseLogger - Copying 0 resource
2016-02-18 15:31:13,123 [Worker-34] WARN  o.e.m.c.i.embedder.EclipseLogger - Using platform encoding (utf-8 actually) to copy filtered resources, i.e. build is platform dependent!
2016-02-18 15:31:13,125 [Worker-34] INFO  o.e.m.c.i.embedder.EclipseLogger - Copying 1 resource
2016-02-18 15:31:13,127 [Worker-34] WARN  o.e.m.c.i.embedder.EclipseLogger - Using platform encoding (utf-8 actually) to copy filtered resources, i.e. build is platform dependent!
2016-02-18 15:31:13,129 [Worker-34] INFO  o.e.m.c.i.embedder.EclipseLogger - Copying 0 resource
2016-02-18 15:35:17,195 [Worker-40] WARN  o.e.m.c.i.embedder.EclipseLogger - Using platform encoding (utf-8 actually) to copy filtered resources, i.e. build is platform dependent!
2016-02-18 15:35:17,197 [Worker-40] INFO  o.e.m.c.i.embedder.EclipseLogger - Copying 1 resource
2016-02-18 15:35:17,198 [Worker-40] WARN  o.e.m.c.i.embedder.EclipseLogger - Using platform encoding (utf-8 actually) to copy filtered resources, i.e. build is platform dependent!
2016-02-18 15:35:17,199 [Worker-40] INFO  o.e.m.c.i.embedder.EclipseLogger - Copying 0 resource
2016-02-18 15:38:59,853 [Worker-33] WARN  o.e.m.c.i.embedder.EclipseLogger - Using platform encoding (utf-8 actually) to copy filtered resources, i.e. build is platform dependent!
2016-02-18 15:38:59,855 [Worker-33] INFO  o.e.m.c.i.embedder.EclipseLogger - Copying 1 resource
2016-02-18 15:38:59,856 [Worker-33] WARN  o.e.m.c.i.embedder.EclipseLogger - Using platform encoding (utf-8 actually) to copy filtered resources, i.e. build is platform dependent!
2016-02-18 15:38:59,857 [Worker-33] INFO  o.e.m.c.i.embedder.EclipseLogger - Copying 0 resource
2016-02-18 15:39:18,256 [Worker-34] WARN  o.e.m.c.i.embedder.EclipseLogger - Using platform encoding (utf-8 actually) to copy filtered resources, i.e. build is platform dependent!
2016-02-18 15:39:18,258 [Worker-34] INFO  o.e.m.c.i.embedder.EclipseLogger - Copying 1 resource
2016-02-18 15:39:18,259 [Worker-34] WARN  o.e.m.c.i.embedder.EclipseLogger - Using platform encoding (utf-8 actually) to copy filtered resources, i.e. build is platform dependent!
2016-02-18 15:39:18,259 [Worker-34] INFO  o.e.m.c.i.embedder.EclipseLogger - Copying 0 resource
2016-02-18 15:40:01,941 [Worker-33] WARN  o.e.m.c.i.embedder.EclipseLogger - Using platform encoding (utf-8 actually) to copy filtered resources, i.e. build is platform dependent!
2016-02-18 15:40:01,943 [Worker-33] INFO  o.e.m.c.i.embedder.EclipseLogger - Copying 1 resource
2016-02-18 15:40:01,944 [Worker-33] WARN  o.e.m.c.i.embedder.EclipseLogger - Using platform encoding (utf-8 actually) to copy filtered resources, i.e. build is platform dependent!
2016-02-18 15:40:01,945 [Worker-33] INFO  o.e.m.c.i.embedder.EclipseLogger - Copying 0 resource
2016-02-18 15:40:57,487 [Worker-33] WARN  o.e.m.c.i.embedder.EclipseLogger - Using platform encoding (utf-8 actually) to copy filtered resources, i.e. build is platform dependent!
2016-02-18 15:40:57,489 [Worker-33] INFO  o.e.m.c.i.embedder.EclipseLogger - Copying 1 resource
2016-02-18 15:40:57,490 [Worker-33] WARN  o.e.m.c.i.embedder.EclipseLogger - Using platform encoding (utf-8 actually) to copy filtered resources, i.e. build is platform dependent!
2016-02-18 15:40:57,491 [Worker-33] INFO  o.e.m.c.i.embedder.EclipseLogger - Copying 0 resource
2016-02-18 15:43:49,750 [Worker-48] WARN  o.e.m.c.i.embedder.EclipseLogger - Using platform encoding (utf-8 actually) to copy filtered resources, i.e. build is platform dependent!
2016-02-18 15:43:49,752 [Worker-48] INFO  o.e.m.c.i.embedder.EclipseLogger - Copying 1 resource
2016-02-18 15:43:49,753 [Worker-48] WARN  o.e.m.c.i.embedder.EclipseLogger - Using platform encoding (utf-8 actually) to copy filtered resources, i.e. build is platform dependent!
2016-02-18 15:43:49,754 [Worker-48] INFO  o.e.m.c.i.embedder.EclipseLogger - Copying 0 resource
2016-02-18 15:46:15,182 [Worker-48] WARN  o.e.m.c.i.embedder.EclipseLogger - Using platform encoding (utf-8 actually) to copy filtered resources, i.e. build is platform dependent!
2016-02-18 15:46:15,183 [Worker-48] INFO  o.e.m.c.i.embedder.EclipseLogger - Copying 0 resource
2016-02-18 15:46:15,184 [Worker-48] WARN  o.e.m.c.i.embedder.EclipseLogger - Using platform encoding (utf-8 actually) to copy filtered resources, i.e. build is platform dependent!
2016-02-18 15:46:15,185 [Worker-48] INFO  o.e.m.c.i.embedder.EclipseLogger - Copying 0 resource
2016-02-18 15:48:48,335 [Worker-52] WARN  o.e.m.c.i.embedder.EclipseLogger - Using platform encoding (utf-8 actually) to copy filtered resources, i.e. build is platform dependent!
2016-02-18 15:48:48,337 [Worker-52] INFO  o.e.m.c.i.embedder.EclipseLogger - Copying 0 resource
2016-02-18 15:48:48,339 [Worker-52] WARN  o.e.m.c.i.embedder.EclipseLogger - Using platform encoding (utf-8 actually) to copy filtered resources, i.e. build is platform dependent!
2016-02-18 15:48:48,340 [Worker-52] INFO  o.e.m.c.i.embedder.EclipseLogger - Copying 0 resource
2016-02-18 15:48:54,837 [Worker-49] WARN  o.e.m.c.i.embedder.EclipseLogger - Using platform encoding (utf-8 actually) to copy filtered resources, i.e. build is platform dependent!
2016-02-18 15:48:54,838 [Worker-49] INFO  o.e.m.c.i.embedder.EclipseLogger - Copying 1 resource
2016-02-18 15:48:54,839 [Worker-49] WARN  o.e.m.c.i.embedder.EclipseLogger - Using platform encoding (utf-8 actually) to copy filtered resources, i.e. build is platform dependent!
2016-02-18 15:48:54,841 [Worker-49] INFO  o.e.m.c.i.embedder.EclipseLogger - Copying 0 resource
2016-02-18 15:49:12,441 [Worker-53] WARN  o.e.m.c.i.embedder.EclipseLogger - Using platform encoding (utf-8 actually) to copy filtered resources, i.e. build is platform dependent!
2016-02-18 15:49:12,442 [Worker-53] INFO  o.e.m.c.i.embedder.EclipseLogger - Copying 0 resource
2016-02-18 15:49:12,443 [Worker-53] WARN  o.e.m.c.i.embedder.EclipseLogger - Using platform encoding (utf-8 actually) to copy filtered resources, i.e. build is platform dependent!
2016-02-18 15:49:12,444 [Worker-53] INFO  o.e.m.c.i.embedder.EclipseLogger - Copying 0 resource
2016-02-18 15:49:17,878 [Worker-52] WARN  o.e.m.c.i.embedder.EclipseLogger - Using platform encoding (utf-8 actually) to copy filtered resources, i.e. build is platform dependent!
2016-02-18 15:49:17,880 [Worker-52] INFO  o.e.m.c.i.embedder.EclipseLogger - Copying 0 resource
2016-02-18 15:49:17,881 [Worker-52] WARN  o.e.m.c.i.embedder.EclipseLogger - Using platform encoding (utf-8 actually) to copy filtered resources, i.e. build is platform dependent!
2016-02-18 15:49:17,882 [Worker-52] INFO  o.e.m.c.i.embedder.EclipseLogger - Copying 0 resource
2016-02-18 15:49:47,178 [Worker-51] WARN  o.e.m.c.i.embedder.EclipseLogger - Using platform encoding (utf-8 actually) to copy filtered resources, i.e. build is platform dependent!
2016-02-18 15:49:47,178 [Worker-51] INFO  o.e.m.c.i.embedder.EclipseLogger - Copying 0 resource
2016-02-18 15:49:47,178 [Worker-51] WARN  o.e.m.c.i.embedder.EclipseLogger - Using platform encoding (utf-8 actually) to copy filtered resources, i.e. build is platform dependent!
2016-02-18 15:49:47,178 [Worker-51] INFO  o.e.m.c.i.embedder.EclipseLogger - Copying 0 resource
2016-02-18 15:49:52,732 [Worker-49] WARN  o.e.m.c.i.embedder.EclipseLogger - Using platform encoding (utf-8 actually) to copy filtered resources, i.e. build is platform dependent!
2016-02-18 15:49:52,732 [Worker-49] INFO  o.e.m.c.i.embedder.EclipseLogger - Copying 0 resource
2016-02-18 15:49:52,732 [Worker-49] WARN  o.e.m.c.i.embedder.EclipseLogger - Using platform encoding (utf-8 actually) to copy filtered resources, i.e. build is platform dependent!
2016-02-18 15:49:52,748 [Worker-49] INFO  o.e.m.c.i.embedder.EclipseLogger - Copying 0 resource
2016-02-18 15:50:02,704 [Worker-52] WARN  o.e.m.c.i.embedder.EclipseLogger - Using platform encoding (utf-8 actually) to copy filtered resources, i.e. build is platform dependent!
2016-02-18 15:50:02,704 [Worker-52] INFO  o.e.m.c.i.embedder.EclipseLogger - Copying 0 resource
2016-02-18 15:50:02,704 [Worker-52] WARN  o.e.m.c.i.embedder.EclipseLogger - Using platform encoding (utf-8 actually) to copy filtered resources, i.e. build is platform dependent!
2016-02-18 15:50:02,704 [Worker-52] INFO  o.e.m.c.i.embedder.EclipseLogger - Copying 0 resource
2016-02-18 15:50:13,624 [Worker-54] WARN  o.e.m.c.i.embedder.EclipseLogger - Using platform encoding (utf-8 actually) to copy filtered resources, i.e. build is platform dependent!
2016-02-18 15:50:13,624 [Worker-54] INFO  o.e.m.c.i.embedder.EclipseLogger - Copying 0 resource
2016-02-18 15:50:13,624 [Worker-54] WARN  o.e.m.c.i.embedder.EclipseLogger - Using platform encoding (utf-8 actually) to copy filtered resources, i.e. build is platform dependent!
2016-02-18 15:50:13,624 [Worker-54] INFO  o.e.m.c.i.embedder.EclipseLogger - Copying 0 resource
2016-02-18 15:50:23,334 [Worker-51] WARN  o.e.m.c.i.embedder.EclipseLogger - Using platform encoding (utf-8 actually) to copy filtered resources, i.e. build is platform dependent!
2016-02-18 15:50:23,334 [Worker-51] INFO  o.e.m.c.i.embedder.EclipseLogger - Copying 0 resource
2016-02-18 15:50:23,334 [Worker-51] WARN  o.e.m.c.i.embedder.EclipseLogger - Using platform encoding (utf-8 actually) to copy filtered resources, i.e. build is platform dependent!
2016-02-18 15:50:23,334 [Worker-51] INFO  o.e.m.c.i.embedder.EclipseLogger - Copying 0 resource
2016-02-18 15:51:43,059 [Worker-48] WARN  o.e.m.c.i.embedder.EclipseLogger - Using platform encoding (utf-8 actually) to copy filtered resources, i.e. build is platform dependent!
2016-02-18 15:51:43,061 [Worker-48] INFO  o.e.m.c.i.embedder.EclipseLogger - Copying 1 resource
2016-02-18 15:51:43,062 [Worker-48] WARN  o.e.m.c.i.embedder.EclipseLogger - Using platform encoding (utf-8 actually) to copy filtered resources, i.e. build is platform dependent!
2016-02-18 15:51:43,063 [Worker-48] INFO  o.e.m.c.i.embedder.EclipseLogger - Copying 0 resource
2016-02-18 15:52:32,962 [Worker-48] WARN  o.e.m.c.i.embedder.EclipseLogger - Using platform encoding (utf-8 actually) to copy filtered resources, i.e. build is platform dependent!
2016-02-18 15:52:32,965 [Worker-48] INFO  o.e.m.c.i.embedder.EclipseLogger - Copying 0 resource
2016-02-18 15:52:32,967 [Worker-48] WARN  o.e.m.c.i.embedder.EclipseLogger - Using platform encoding (utf-8 actually) to copy filtered resources, i.e. build is platform dependent!
2016-02-18 15:52:32,968 [Worker-48] INFO  o.e.m.c.i.embedder.EclipseLogger - Copying 0 resource
2016-02-18 15:53:43,265 [Worker-54] WARN  o.e.m.c.i.embedder.EclipseLogger - Using platform encoding (utf-8 actually) to copy filtered resources, i.e. build is platform dependent!
2016-02-18 15:53:43,274 [Worker-54] INFO  o.e.m.c.i.embedder.EclipseLogger - Copying 0 resource
2016-02-18 15:53:43,277 [Worker-54] WARN  o.e.m.c.i.embedder.EclipseLogger - Using platform encoding (utf-8 actually) to copy filtered resources, i.e. build is platform dependent!
2016-02-18 15:53:43,279 [Worker-54] INFO  o.e.m.c.i.embedder.EclipseLogger - Copying 0 resource
2016-02-18 15:54:17,106 [Worker-49] WARN  o.e.m.c.i.embedder.EclipseLogger - Using platform encoding (utf-8 actually) to copy filtered resources, i.e. build is platform dependent!
2016-02-18 15:54:17,107 [Worker-49] INFO  o.e.m.c.i.embedder.EclipseLogger - Copying 0 resource
2016-02-18 15:54:17,109 [Worker-49] WARN  o.e.m.c.i.embedder.EclipseLogger - Using platform encoding (utf-8 actually) to copy filtered resources, i.e. build is platform dependent!
2016-02-18 15:54:17,110 [Worker-49] INFO  o.e.m.c.i.embedder.EclipseLogger - Copying 0 resource
